This file contains any messages produced by compilers while
running configure, to aid debugging if configure makes a mistake.

It was created by AtariVM configure 1.0, which was
generated by GNU Autoconf 2.69.  Invocation command line was

  $ ./configure 

## --------- ##
## Platform. ##
## --------- ##

hostname = LostSideDead
uname -m = x86_64
uname -r = 15.5.0
uname -s = Darwin
uname -v = Darwin Kernel Version 15.5.0: Tue Apr 19 18:36:36 PDT 2016; root:xnu-3248.50.21~8/RELEASE_X86_64

/usr/bin/uname -p = i386
/bin/uname -X     = unknown

/bin/arch              = unknown
/usr/bin/arch -k       = unknown
/usr/convex/getsysinfo = unknown
/usr/bin/hostinfo      = Mach kernel version:
	 Darwin Kernel Version 15.5.0: Tue Apr 19 18:36:36 PDT 2016; root:xnu-3248.50.21~8/RELEASE_X86_64
Kernel configured for up to 8 processors.
4 processors are physically available.
8 processors are logically available.
Processor type: i486 (Intel 80486)
Processors active: 0 1 2 3 4 5 6 7
Primary memory available: 10.00 gigabytes
Default processor set: 269 tasks, 1226 threads, 8 processors
Load average: 1.48, Mach factor: 6.51
/bin/machine           = unknown
/usr/bin/oslevel       = unknown
/bin/universe          = unknown

PATH: /Volumes/LostSideDrive-2/Android/android-ndk-r10e
PATH: /Volumes/LostSideDrive-2/Android/android-ndk-r10e/prebuilt/darwin-x86_64/bin
PATH: /Volumes/LostSideDrive-2/Android/android-sdk-macosx/platform-tools
PATH: /Volumes/LostSideDrive-2/Android/android-sdk-macosx/tools
PATH: /opt/local/bin
PATH: /opt/local/sbin
PATH: /opt/local/bin
PATH: /opt/local/sbin
PATH: /opt/local/bin
PATH: /opt/local/sbin
PATH: /Users/jared/mingw-w64/bin
PATH: /Volumes/LostDrive-6//Users/jared/New.Mingw32/bin
PATH: /usr/local/bin
PATH: /usr/bin
PATH: /bin
PATH: /usr/sbin
PATH: /sbin
PATH: /opt/X11/bin
PATH: /Users/jared/Downloads/adt-bundle-mac-x86_64-20140321/sdk/platform-tools


## ----------- ##
## Core tests. ##
## ----------- ##

configure:2377: checking for a BSD-compatible install
configure:2445: result: /usr/bin/install -c
configure:2456: checking whether build environment is sane
configure:2511: result: yes
configure:2662: checking for a thread-safe mkdir -p
configure:2701: result: ./install-sh -c -d
configure:2708: checking for gawk
configure:2738: result: no
configure:2708: checking for mawk
configure:2738: result: no
configure:2708: checking for nawk
configure:2738: result: no
configure:2708: checking for awk
configure:2724: found /Volumes/LostSideDrive-2/Android/android-ndk-r10e/prebuilt/darwin-x86_64/bin/awk
configure:2735: result: awk
configure:2746: checking whether make sets $(MAKE)
configure:2768: result: yes
configure:2797: checking whether make supports nested variables
configure:2814: result: yes
configure:2988: checking for gcc
configure:3004: found /usr/bin/gcc
configure:3015: result: gcc
configure:3244: checking for C compiler version
configure:3253: gcc --version >&5
Apple LLVM version 7.3.0 (clang-703.0.31)
Target: x86_64-apple-darwin15.5.0
Thread model: posix
InstalledDir: /Applications/Xcode.app/Contents/Developer/Toolchains/XcodeDefault.xctoolchain/usr/bin
Configured with: --prefix=/Applications/Xcode.app/Contents/Developer/usr --with-gxx-include-dir=/Applications/Xcode.app/Contents/Developer/Platforms/MacOSX.platform/Developer/SDKs/MacOSX10.11.sdk/usr/include/c++/4.2.1
configure:3264: $? = 0
configure:3253: gcc -v >&5
Configured with: --prefix=/Applications/Xcode.app/Contents/Developer/usr --with-gxx-include-dir=/Applications/Xcode.app/Contents/Developer/Platforms/MacOSX.platform/Developer/SDKs/MacOSX10.11.sdk/usr/include/c++/4.2.1
Apple LLVM version 7.3.0 (clang-703.0.31)
Target: x86_64-apple-darwin15.5.0
Thread model: posix
InstalledDir: /Applications/Xcode.app/Contents/Developer/Toolchains/XcodeDefault.xctoolchain/usr/bin
configure:3264: $? = 0
configure:3253: gcc -V >&5
clang: error: argument to '-V' is missing (expected 1 value)
clang: error: no input files
configure:3264: $? = 1
configure:3253: gcc -qversion >&5
clang: error: unknown argument: '-qversion'
clang: error: no input files
configure:3264: $? = 1
configure:3284: checking whether the C compiler works
configure:3306: gcc    conftest.c  >&5
configure:3310: $? = 0
configure:3358: result: yes
configure:3361: checking for C compiler default output file name
configure:3363: result: a.out
configure:3369: checking for suffix of executables
configure:3376: gcc -o conftest    conftest.c  >&5
configure:3380: $? = 0
configure:3402: result: 
configure:3424: checking whether we are cross compiling
configure:3432: gcc -o conftest    conftest.c  >&5
configure:3436: $? = 0
configure:3443: ./conftest
configure:3447: $? = 0
configure:3462: result: no
configure:3467: checking for suffix of object files
configure:3489: gcc -c   conftest.c >&5
configure:3493: $? = 0
configure:3514: result: o
configure:3518: checking whether we are using the GNU C compiler
configure:3537: gcc -c   conftest.c >&5
configure:3537: $? = 0
configure:3546: result: yes
configure:3555: checking whether gcc accepts -g
configure:3575: gcc -c -g  conftest.c >&5
configure:3575: $? = 0
configure:3616: result: yes
configure:3633: checking for gcc option to accept ISO C89
configure:3696: gcc  -c -g -O2  conftest.c >&5
configure:3696: $? = 0
configure:3709: result: none needed
configure:3734: checking whether gcc understands -c and -o together
configure:3756: gcc -c conftest.c -o conftest2.o
configure:3759: $? = 0
configure:3756: gcc -c conftest.c -o conftest2.o
configure:3759: $? = 0
configure:3771: result: yes
configure:3799: checking for style of include used by make
configure:3827: result: GNU
configure:3853: checking dependency style of gcc
configure:3964: result: gcc3
configure:3989: checking how to run the C preprocessor
configure:4020: gcc -E  conftest.c
configure:4020: $? = 0
configure:4034: gcc -E  conftest.c
conftest.c:11:10: fatal error: 'ac_nonexistent.h' file not found
#include <ac_nonexistent.h>
         ^
1 error generated.
configure:4034: $? = 1
configure: failed program was:
| /* confdefs.h */
| #define PACKAGE_NAME "AtariVM"
| #define PACKAGE_TARNAME "atarivm"
| #define PACKAGE_VERSION "1.0"
| #define PACKAGE_STRING "AtariVM 1.0"
| #define PACKAGE_BUGREPORT "jaredbruni@gmail.com"
| #define PACKAGE_URL ""
| #define PACKAGE "atarivm"
| #define VERSION "1.0"
| /* end confdefs.h.  */
| #include <ac_nonexistent.h>
configure:4059: result: gcc -E
configure:4079: gcc -E  conftest.c
configure:4079: $? = 0
configure:4093: gcc -E  conftest.c
conftest.c:11:10: fatal error: 'ac_nonexistent.h' file not found
#include <ac_nonexistent.h>
         ^
1 error generated.
configure:4093: $? = 1
configure: failed program was:
| /* confdefs.h */
| #define PACKAGE_NAME "AtariVM"
| #define PACKAGE_TARNAME "atarivm"
| #define PACKAGE_VERSION "1.0"
| #define PACKAGE_STRING "AtariVM 1.0"
| #define PACKAGE_BUGREPORT "jaredbruni@gmail.com"
| #define PACKAGE_URL ""
| #define PACKAGE "atarivm"
| #define VERSION "1.0"
| /* end confdefs.h.  */
| #include <ac_nonexistent.h>
configure:4122: checking for grep that handles long lines and -e
configure:4180: result: /usr/bin/grep
configure:4185: checking for egrep
configure:4247: result: /usr/bin/grep -E
configure:4252: checking for ANSI C header files
configure:4272: gcc -c -g -O2  conftest.c >&5
configure:4272: $? = 0
configure:4345: gcc -o conftest -g -O2   conftest.c  >&5
configure:4345: $? = 0
configure:4345: ./conftest
configure:4345: $? = 0
configure:4356: result: yes
configure:4369: checking for sys/types.h
configure:4369: gcc -c -g -O2  conftest.c >&5
configure:4369: $? = 0
configure:4369: result: yes
configure:4369: checking for sys/stat.h
configure:4369: gcc -c -g -O2  conftest.c >&5
configure:4369: $? = 0
configure:4369: result: yes
configure:4369: checking for stdlib.h
configure:4369: gcc -c -g -O2  conftest.c >&5
configure:4369: $? = 0
configure:4369: result: yes
configure:4369: checking for string.h
configure:4369: gcc -c -g -O2  conftest.c >&5
configure:4369: $? = 0
configure:4369: result: yes
configure:4369: checking for memory.h
configure:4369: gcc -c -g -O2  conftest.c >&5
configure:4369: $? = 0
configure:4369: result: yes
configure:4369: checking for strings.h
configure:4369: gcc -c -g -O2  conftest.c >&5
configure:4369: $? = 0
configure:4369: result: yes
configure:4369: checking for inttypes.h
configure:4369: gcc -c -g -O2  conftest.c >&5
configure:4369: $? = 0
configure:4369: result: yes
configure:4369: checking for stdint.h
configure:4369: gcc -c -g -O2  conftest.c >&5
configure:4369: $? = 0
configure:4369: result: yes
configure:4369: checking for unistd.h
configure:4369: gcc -c -g -O2  conftest.c >&5
configure:4369: $? = 0
configure:4369: result: yes
configure:4384: checking for stdlib.h
configure:4384: result: yes
configure:4384: checking for string.h
configure:4384: result: yes
configure:4396: checking for size_t
configure:4396: gcc -c -g -O2  conftest.c >&5
configure:4396: $? = 0
configure:4396: gcc -c -g -O2  conftest.c >&5
conftest.c:59:21: error: expected expression
if (sizeof ((size_t)))
                    ^
1 error generated.
configure:4396: $? = 1
configure: failed program was:
| /* confdefs.h */
| #define PACKAGE_NAME "AtariVM"
| #define PACKAGE_TARNAME "atarivm"
| #define PACKAGE_VERSION "1.0"
| #define PACKAGE_STRING "AtariVM 1.0"
| #define PACKAGE_BUGREPORT "jaredbruni@gmail.com"
| #define PACKAGE_URL ""
| #define PACKAGE "atarivm"
| #define VERSION "1.0"
| #define STDC_HEADERS 1
| #define HAVE_SYS_TYPES_H 1
| #define HAVE_SYS_STAT_H 1
| #define HAVE_STDLIB_H 1
| #define HAVE_STRING_H 1
| #define HAVE_MEMORY_H 1
| #define HAVE_STRINGS_H 1
| #define HAVE_INTTYPES_H 1
| #define HAVE_STDINT_H 1
| #define HAVE_UNISTD_H 1
| #define HAVE_STDLIB_H 1
| #define HAVE_STRING_H 1
| /* end confdefs.h.  */
| #include <stdio.h>
| #ifdef HAVE_SYS_TYPES_H
| # include <sys/types.h>
| #endif
| #ifdef HAVE_SYS_STAT_H
| # include <sys/stat.h>
| #endif
| #ifdef STDC_HEADERS
| # include <stdlib.h>
| # include <stddef.h>
| #else
| # ifdef HAVE_STDLIB_H
| #  include <stdlib.h>
| # endif
| #endif
| #ifdef HAVE_STRING_H
| # if !defined STDC_HEADERS && defined HAVE_MEMORY_H
| #  include <memory.h>
| # endif
| # include <string.h>
| #endif
| #ifdef HAVE_STRINGS_H
| # include <strings.h>
| #endif
| #ifdef HAVE_INTTYPES_H
| # include <inttypes.h>
| #endif
| #ifdef HAVE_STDINT_H
| # include <stdint.h>
| #endif
| #ifdef HAVE_UNISTD_H
| # include <unistd.h>
| #endif
| int
| main ()
| {
| if (sizeof ((size_t)))
| 	    return 0;
|   ;
|   return 0;
| }
configure:4396: result: yes
configure:4411: checking for stdlib.h
configure:4411: result: yes
configure:4421: checking for GNU libc compatible malloc
configure:4445: gcc -o conftest -g -O2   conftest.c  >&5
configure:4445: $? = 0
configure:4445: ./conftest
configure:4445: $? = 0
configure:4455: result: yes
configure:4479: checking for memset
configure:4479: gcc -o conftest -g -O2   conftest.c  >&5
conftest.c:48:6: warning: incompatible redeclaration of library function 'memset' [-Wincompatible-library-redeclaration]
char memset ();
     ^
conftest.c:48:6: note: 'memset' is a builtin with type 'void *(void *, int, unsigned long)'
1 warning generated.
configure:4479: $? = 0
configure:4479: result: yes
configure:4479: checking for strdup
configure:4479: gcc -o conftest -g -O2   conftest.c  >&5
conftest.c:49:6: warning: incompatible redeclaration of library function 'strdup' [-Wincompatible-library-redeclaration]
char strdup ();
     ^
conftest.c:49:6: note: 'strdup' is a builtin with type 'char *(const char *)'
1 warning generated.
configure:4479: $? = 0
configure:4479: result: yes
configure:4492: checking for sdl-config
configure:4545: result: /opt/local/bin/sdl-config
configure:4584: checking fcntl.h usability
configure:4584: gcc -c -g -O2  conftest.c >&5
configure:4584: $? = 0
configure:4584: result: yes
configure:4584: checking fcntl.h presence
configure:4584: gcc -E  conftest.c
configure:4584: $? = 0
configure:4584: result: yes
configure:4584: checking for fcntl.h
configure:4584: result: yes
configure:4584: checking for inttypes.h
configure:4584: result: yes
configure:4584: checking limits.h usability
configure:4584: gcc -c -g -O2  conftest.c >&5
configure:4584: $? = 0
configure:4584: result: yes
configure:4584: checking limits.h presence
configure:4584: gcc -E  conftest.c
configure:4584: $? = 0
configure:4584: result: yes
configure:4584: checking for limits.h
configure:4584: result: yes
configure:4584: checking stddef.h usability
configure:4584: gcc -c -g -O2  conftest.c >&5
configure:4584: $? = 0
configure:4584: result: yes
configure:4584: checking stddef.h presence
configure:4584: gcc -E  conftest.c
configure:4584: $? = 0
configure:4584: result: yes
configure:4584: checking for stddef.h
configure:4584: result: yes
configure:4584: checking for stdint.h
configure:4584: result: yes
configure:4584: checking for string.h
configure:4584: result: yes
configure:4584: checking for strings.h
configure:4584: result: yes
configure:4584: checking sys/time.h usability
configure:4584: gcc -c -g -O2  conftest.c >&5
configure:4584: $? = 0
configure:4584: result: yes
configure:4584: checking sys/time.h presence
configure:4584: gcc -E  conftest.c
configure:4584: $? = 0
configure:4584: result: yes
configure:4584: checking for sys/time.h
configure:4584: result: yes
configure:4584: checking for unistd.h
configure:4584: result: yes
configure:4596: checking for stdbool.h that conforms to C99
configure:4663: gcc -c -g -O2  conftest.c >&5
conftest.c:86:24: warning: address of 's' will always evaluate to 'true' [-Wpointer-bool-conversion]
             bool e = &s;
                  ~    ^
conftest.c:90:23: warning: address of array 'a' will always evaluate to 'true' [-Wpointer-bool-conversion]
             return (!a + !b + !c + !d + !e + !f + !g + !h + !i + !!j + !k + !!l
                     ~^
conftest.c:90:28: warning: address of array 'b' will always evaluate to 'true' [-Wpointer-bool-conversion]
             return (!a + !b + !c + !d + !e + !f + !g + !h + !i + !!j + !k + !!l
                          ~^
conftest.c:90:33: warning: address of array 'c' will always evaluate to 'true' [-Wpointer-bool-conversion]
             return (!a + !b + !c + !d + !e + !f + !g + !h + !i + !!j + !k + !!l
                               ~^
conftest.c:90:38: warning: address of array 'd' will always evaluate to 'true' [-Wpointer-bool-conversion]
             return (!a + !b + !c + !d + !e + !f + !g + !h + !i + !!j + !k + !!l
                                    ~^
conftest.c:90:48: warning: address of array 'f' will always evaluate to 'true' [-Wpointer-bool-conversion]
             return (!a + !b + !c + !d + !e + !f + !g + !h + !i + !!j + !k + !!l
                                              ~^
conftest.c:90:53: warning: address of array 'g' will always evaluate to 'true' [-Wpointer-bool-conversion]
             return (!a + !b + !c + !d + !e + !f + !g + !h + !i + !!j + !k + !!l
                                                   ~^
conftest.c:90:58: warning: address of array 'h' will always evaluate to 'true' [-Wpointer-bool-conversion]
             return (!a + !b + !c + !d + !e + !f + !g + !h + !i + !!j + !k + !!l
                                                        ~^
conftest.c:90:63: warning: address of array 'i' will always evaluate to 'true' [-Wpointer-bool-conversion]
             return (!a + !b + !c + !d + !e + !f + !g + !h + !i + !!j + !k + !!l
                                                             ~^
conftest.c:91:30: warning: address of array 'n' will always evaluate to 'true' [-Wpointer-bool-conversion]
                            ~^
conftest.c:91:35: warning: address of array 'o' will always evaluate to 'true' [-Wpointer-bool-conversion]
                                 ~^
conftest.c:91:40: warning: address of array 'p' will always evaluate to 'true' [-Wpointer-bool-conversion]
                                      ~^
12 warnings generated.
configure:4663: $? = 0
configure:4670: result: yes
configure:4672: checking for _Bool
configure:4672: gcc -c -g -O2  conftest.c >&5
configure:4672: $? = 0
configure:4672: gcc -c -g -O2  conftest.c >&5
conftest.c:73:20: error: expected expression
if (sizeof ((_Bool)))
                   ^
1 error generated.
configure:4672: $? = 1
configure: failed program was:
| /* confdefs.h */
| #define PACKAGE_NAME "AtariVM"
| #define PACKAGE_TARNAME "atarivm"
| #define PACKAGE_VERSION "1.0"
| #define PACKAGE_STRING "AtariVM 1.0"
| #define PACKAGE_BUGREPORT "jaredbruni@gmail.com"
| #define PACKAGE_URL ""
| #define PACKAGE "atarivm"
| #define VERSION "1.0"
| #define STDC_HEADERS 1
| #define HAVE_SYS_TYPES_H 1
| #define HAVE_SYS_STAT_H 1
| #define HAVE_STDLIB_H 1
| #define HAVE_STRING_H 1
| #define HAVE_MEMORY_H 1
| #define HAVE_STRINGS_H 1
| #define HAVE_INTTYPES_H 1
| #define HAVE_STDINT_H 1
| #define HAVE_UNISTD_H 1
| #define HAVE_STDLIB_H 1
| #define HAVE_STRING_H 1
| #define HAVE_STDLIB_H 1
| #define HAVE_MALLOC 1
| #define HAVE_MEMSET 1
| #define HAVE_STRDUP 1
| #define HAVE_LIBSDL 1
| #define HAVE_FCNTL_H 1
| #define HAVE_INTTYPES_H 1
| #define HAVE_LIMITS_H 1
| #define HAVE_STDDEF_H 1
| #define HAVE_STDINT_H 1
| #define HAVE_STRING_H 1
| #define HAVE_STRINGS_H 1
| #define HAVE_SYS_TIME_H 1
| #define HAVE_UNISTD_H 1
| /* end confdefs.h.  */
| #include <stdio.h>
| #ifdef HAVE_SYS_TYPES_H
| # include <sys/types.h>
| #endif
| #ifdef HAVE_SYS_STAT_H
| # include <sys/stat.h>
| #endif
| #ifdef STDC_HEADERS
| # include <stdlib.h>
| # include <stddef.h>
| #else
| # ifdef HAVE_STDLIB_H
| #  include <stdlib.h>
| # endif
| #endif
| #ifdef HAVE_STRING_H
| # if !defined STDC_HEADERS && defined HAVE_MEMORY_H
| #  include <memory.h>
| # endif
| # include <string.h>
| #endif
| #ifdef HAVE_STRINGS_H
| # include <strings.h>
| #endif
| #ifdef HAVE_INTTYPES_H
| # include <inttypes.h>
| #endif
| #ifdef HAVE_STDINT_H
| # include <stdint.h>
| #endif
| #ifdef HAVE_UNISTD_H
| # include <unistd.h>
| #endif
| int
| main ()
| {
| if (sizeof ((_Bool)))
| 	    return 0;
|   ;
|   return 0;
| }
configure:4672: result: yes
configure:4683: checking for inline
configure:4699: gcc -c -g -O2  conftest.c >&5
configure:4699: $? = 0
configure:4707: result: inline
configure:4725: checking for int64_t
configure:4725: gcc -c -g -O2  conftest.c >&5
configure:4725: $? = 0
configure:4725: gcc -c -g -O2  conftest.c >&5
conftest.c:75:24: error: 'test_array' declared as an array with a negative size
static int test_array [1 - 2 * !((int64_t) (((((int64_t) 1 << N) << N) - 1) * 2 + 1)
                       ^~~~~~~~~~~~~~~~~~~~~~~~~~~~~~~~~~~~~~~~~~~~~~~~~~~~~~~~~~~~~
1 error generated.
configure:4725: $? = 1
configure: failed program was:
| /* confdefs.h */
| #define PACKAGE_NAME "AtariVM"
| #define PACKAGE_TARNAME "atarivm"
| #define PACKAGE_VERSION "1.0"
| #define PACKAGE_STRING "AtariVM 1.0"
| #define PACKAGE_BUGREPORT "jaredbruni@gmail.com"
| #define PACKAGE_URL ""
| #define PACKAGE "atarivm"
| #define VERSION "1.0"
| #define STDC_HEADERS 1
| #define HAVE_SYS_TYPES_H 1
| #define HAVE_SYS_STAT_H 1
| #define HAVE_STDLIB_H 1
| #define HAVE_STRING_H 1
| #define HAVE_MEMORY_H 1
| #define HAVE_STRINGS_H 1
| #define HAVE_INTTYPES_H 1
| #define HAVE_STDINT_H 1
| #define HAVE_UNISTD_H 1
| #define HAVE_STDLIB_H 1
| #define HAVE_STRING_H 1
| #define HAVE_STDLIB_H 1
| #define HAVE_MALLOC 1
| #define HAVE_MEMSET 1
| #define HAVE_STRDUP 1
| #define HAVE_LIBSDL 1
| #define HAVE_FCNTL_H 1
| #define HAVE_INTTYPES_H 1
| #define HAVE_LIMITS_H 1
| #define HAVE_STDDEF_H 1
| #define HAVE_STDINT_H 1
| #define HAVE_STRING_H 1
| #define HAVE_STRINGS_H 1
| #define HAVE_SYS_TIME_H 1
| #define HAVE_UNISTD_H 1
| #define HAVE__BOOL 1
| /* end confdefs.h.  */
| #include <stdio.h>
| #ifdef HAVE_SYS_TYPES_H
| # include <sys/types.h>
| #endif
| #ifdef HAVE_SYS_STAT_H
| # include <sys/stat.h>
| #endif
| #ifdef STDC_HEADERS
| # include <stdlib.h>
| # include <stddef.h>
| #else
| # ifdef HAVE_STDLIB_H
| #  include <stdlib.h>
| # endif
| #endif
| #ifdef HAVE_STRING_H
| # if !defined STDC_HEADERS && defined HAVE_MEMORY_H
| #  include <memory.h>
| # endif
| # include <string.h>
| #endif
| #ifdef HAVE_STRINGS_H
| # include <strings.h>
| #endif
| #ifdef HAVE_INTTYPES_H
| # include <inttypes.h>
| #endif
| #ifdef HAVE_STDINT_H
| # include <stdint.h>
| #endif
| #ifdef HAVE_UNISTD_H
| # include <unistd.h>
| #endif
| 	        enum { N = 64 / 2 - 1 };
| int
| main ()
| {
| static int test_array [1 - 2 * !((int64_t) (((((int64_t) 1 << N) << N) - 1) * 2 + 1)
| 		 < (int64_t) (((((int64_t) 1 << N) << N) - 1) * 2 + 2))];
| test_array [0] = 0;
| return test_array [0];
| 
|   ;
|   return 0;
| }
configure:4725: result: yes
configure:4736: checking for size_t
configure:4736: result: yes
configure:4747: checking for uint64_t
configure:4747: gcc -c -g -O2  conftest.c >&5
configure:4747: $? = 0
configure:4747: result: yes
configure:4761: checking for ptrdiff_t
configure:4761: gcc -c -g -O2  conftest.c >&5
configure:4761: $? = 0
configure:4761: gcc -c -g -O2  conftest.c >&5
conftest.c:74:24: error: expected expression
if (sizeof ((ptrdiff_t)))
                       ^
1 error generated.
configure:4761: $? = 1
configure: failed program was:
| /* confdefs.h */
| #define PACKAGE_NAME "AtariVM"
| #define PACKAGE_TARNAME "atarivm"
| #define PACKAGE_VERSION "1.0"
| #define PACKAGE_STRING "AtariVM 1.0"
| #define PACKAGE_BUGREPORT "jaredbruni@gmail.com"
| #define PACKAGE_URL ""
| #define PACKAGE "atarivm"
| #define VERSION "1.0"
| #define STDC_HEADERS 1
| #define HAVE_SYS_TYPES_H 1
| #define HAVE_SYS_STAT_H 1
| #define HAVE_STDLIB_H 1
| #define HAVE_STRING_H 1
| #define HAVE_MEMORY_H 1
| #define HAVE_STRINGS_H 1
| #define HAVE_INTTYPES_H 1
| #define HAVE_STDINT_H 1
| #define HAVE_UNISTD_H 1
| #define HAVE_STDLIB_H 1
| #define HAVE_STRING_H 1
| #define HAVE_STDLIB_H 1
| #define HAVE_MALLOC 1
| #define HAVE_MEMSET 1
| #define HAVE_STRDUP 1
| #define HAVE_LIBSDL 1
| #define HAVE_FCNTL_H 1
| #define HAVE_INTTYPES_H 1
| #define HAVE_LIMITS_H 1
| #define HAVE_STDDEF_H 1
| #define HAVE_STDINT_H 1
| #define HAVE_STRING_H 1
| #define HAVE_STRINGS_H 1
| #define HAVE_SYS_TIME_H 1
| #define HAVE_UNISTD_H 1
| #define HAVE__BOOL 1
| /* end confdefs.h.  */
| #include <stdio.h>
| #ifdef HAVE_SYS_TYPES_H
| # include <sys/types.h>
| #endif
| #ifdef HAVE_SYS_STAT_H
| # include <sys/stat.h>
| #endif
| #ifdef STDC_HEADERS
| # include <stdlib.h>
| # include <stddef.h>
| #else
| # ifdef HAVE_STDLIB_H
| #  include <stdlib.h>
| # endif
| #endif
| #ifdef HAVE_STRING_H
| # if !defined STDC_HEADERS && defined HAVE_MEMORY_H
| #  include <memory.h>
| # endif
| # include <string.h>
| #endif
| #ifdef HAVE_STRINGS_H
| # include <strings.h>
| #endif
| #ifdef HAVE_INTTYPES_H
| # include <inttypes.h>
| #endif
| #ifdef HAVE_STDINT_H
| # include <stdint.h>
| #endif
| #ifdef HAVE_UNISTD_H
| # include <unistd.h>
| #endif
| int
| main ()
| {
| if (sizeof ((ptrdiff_t)))
| 	    return 0;
|   ;
|   return 0;
| }
configure:4761: result: yes
configure:4775: checking for stdlib.h
configure:4775: result: yes
configure:4785: checking for GNU libc compatible malloc
configure:4819: result: yes
configure:4842: checking for memset
configure:4842: result: yes
configure:4970: checking that generated files are newer than configure
configure:4976: result: done
configure:4999: creating ./config.status

## ---------------------- ##
## Running config.status. ##
## ---------------------- ##

This file was extended by AtariVM config.status 1.0, which was
generated by GNU Autoconf 2.69.  Invocation command line was

  CONFIG_FILES    = 
  CONFIG_HEADERS  = 
  CONFIG_LINKS    = 
  CONFIG_COMMANDS = 
  $ ./config.status 

on LostSideDead

config.status:878: creating Makefile
config.status:878: creating code/Makefile
config.status:878: creating config.h
config.status:1107: executing depfiles commands

## ---------------- ##
## Cache variables. ##
## ---------------- ##

ac_cv_c_compiler_gnu=yes
ac_cv_c_inline=inline
ac_cv_c_int64_t=yes
ac_cv_c_uint64_t=yes
ac_cv_env_CC_set=
ac_cv_env_CC_value=
ac_cv_env_CFLAGS_set=
ac_cv_env_CFLAGS_value=
ac_cv_env_CPPFLAGS_set=
ac_cv_env_CPPFLAGS_value=
ac_cv_env_CPP_set=
ac_cv_env_CPP_value=
ac_cv_env_LDFLAGS_set=
ac_cv_env_LDFLAGS_value=
ac_cv_env_LIBS_set=
ac_cv_env_LIBS_value=
ac_cv_env_build_alias_set=
ac_cv_env_build_alias_value=
ac_cv_env_host_alias_set=
ac_cv_env_host_alias_value=
ac_cv_env_target_alias_set=
ac_cv_env_target_alias_value=
ac_cv_func_malloc_0_nonnull=yes
ac_cv_func_memset=yes
ac_cv_func_strdup=yes
ac_cv_header_fcntl_h=yes
ac_cv_header_inttypes_h=yes
ac_cv_header_limits_h=yes
ac_cv_header_memory_h=yes
ac_cv_header_stdbool_h=yes
ac_cv_header_stdc=yes
ac_cv_header_stddef_h=yes
ac_cv_header_stdint_h=yes
ac_cv_header_stdlib_h=yes
ac_cv_header_string_h=yes
ac_cv_header_strings_h=yes
ac_cv_header_sys_stat_h=yes
ac_cv_header_sys_time_h=yes
ac_cv_header_sys_types_h=yes
ac_cv_header_unistd_h=yes
ac_cv_objext=o
ac_cv_path_EGREP='/usr/bin/grep -E'
ac_cv_path_GREP=/usr/bin/grep
ac_cv_path_install='/usr/bin/install -c'
ac_cv_prog_AWK=awk
ac_cv_prog_CPP='gcc -E'
ac_cv_prog_ac_ct_CC=gcc
ac_cv_prog_cc_c89=
ac_cv_prog_cc_g=yes
ac_cv_prog_make_make_set=yes
ac_cv_type__Bool=yes
ac_cv_type_ptrdiff_t=yes
ac_cv_type_size_t=yes
am_cv_CC_dependencies_compiler_type=gcc3
am_cv_make_support_nested_variables=yes
am_cv_prog_cc_c_o=yes
kde_cv_path=/opt/local/bin/sdl-config
kde_cv_path_sdl_config=/opt/local/bin/sdl-config

## ----------------- ##
## Output variables. ##
## ----------------- ##

ACLOCAL='${SHELL} /Users/jared/Source/atari-vm/AtariVM/missing aclocal-1.14'
AMDEPBACKSLASH='\'
AMDEP_FALSE='#'
AMDEP_TRUE=''
AMTAR='$${TAR-tar}'
AM_BACKSLASH='\'
AM_DEFAULT_V='$(AM_DEFAULT_VERBOSITY)'
AM_DEFAULT_VERBOSITY='1'
AM_V='$(V)'
AUTOCONF='${SHELL} /Users/jared/Source/atari-vm/AtariVM/missing autoconf'
AUTOHEADER='${SHELL} /Users/jared/Source/atari-vm/AtariVM/missing autoheader'
AUTOMAKE='${SHELL} /Users/jared/Source/atari-vm/AtariVM/missing automake-1.14'
AWK='awk'
CC='gcc'
CCDEPMODE='depmode=gcc3'
CFLAGS='-g -O2'
CPP='gcc -E'
CPPFLAGS=''
CYGPATH_W='echo'
DEFS='-DHAVE_CONFIG_H'
DEPDIR='.deps'
ECHO_C='\c'
ECHO_N=''
ECHO_T=''
EGREP='/usr/bin/grep -E'
EXEEXT=''
GREP='/usr/bin/grep'
INSTALL_DATA='${INSTALL} -m 644'
INSTALL_PROGRAM='${INSTALL}'
INSTALL_SCRIPT='${INSTALL}'
INSTALL_STRIP_PROGRAM='$(install_sh) -c -s'
LDFLAGS=''
LIBOBJS=''
LIBS=''
LIBSDL_CFLAGS='-I/opt/local/include/SDL -D_GNU_SOURCE=1 -D_THREAD_SAFE'
LIBSDL_LIBS='-L/opt/local/lib /opt/local/lib/libSDLmain.a -Wl,-framework,AppKit /opt/local/lib/libSDL.a -L/opt/local/lib -lX11 -lXext -lXrandr -lXrender -Wl,-framework,OpenGL -Wl,-framework,Cocoa -Wl,-framework,ApplicationServices -Wl,-framework,Carbon -Wl,-framework,AudioToolbox -Wl,-framework,AudioUnit -Wl,-framework,IOKit'
LTLIBOBJS=''
MAKEINFO='${SHELL} /Users/jared/Source/atari-vm/AtariVM/missing makeinfo'
MKDIR_P='./install-sh -c -d'
OBJEXT='o'
PACKAGE='atarivm'
PACKAGE_BUGREPORT='jaredbruni@gmail.com'
PACKAGE_NAME='AtariVM'
PACKAGE_STRING='AtariVM 1.0'
PACKAGE_TARNAME='atarivm'
PACKAGE_URL=''
PACKAGE_VERSION='1.0'
PATH_SEPARATOR=':'
SET_MAKE=''
SHELL='/bin/sh'
STRIP=''
VERSION='1.0'
ac_ct_CC='gcc'
am__EXEEXT_FALSE=''
am__EXEEXT_TRUE='#'
am__fastdepCC_FALSE='#'
am__fastdepCC_TRUE=''
am__include='include'
am__isrc=''
am__leading_dot='.'
am__nodep='_no'
am__quote=''
am__tar='$${TAR-tar} chof - "$$tardir"'
am__untar='$${TAR-tar} xf -'
bindir='${exec_prefix}/bin'
build_alias=''
datadir='${datarootdir}'
datarootdir='${prefix}/share'
docdir='${datarootdir}/doc/${PACKAGE_TARNAME}'
dvidir='${docdir}'
exec_prefix='${prefix}'
host_alias=''
htmldir='${docdir}'
includedir='${prefix}/include'
infodir='${datarootdir}/info'
install_sh='${SHELL} /Users/jared/Source/atari-vm/AtariVM/install-sh'
libdir='${exec_prefix}/lib'
libexecdir='${exec_prefix}/libexec'
localedir='${datarootdir}/locale'
localstatedir='${prefix}/var'
mandir='${datarootdir}/man'
mkdir_p='$(MKDIR_P)'
oldincludedir='/usr/include'
pdfdir='${docdir}'
prefix='/usr/local'
program_transform_name='s,x,x,'
psdir='${docdir}'
sbindir='${exec_prefix}/sbin'
sharedstatedir='${prefix}/com'
sysconfdir='${prefix}/etc'
target_alias=''

## ----------- ##
## confdefs.h. ##
## ----------- ##

/* confdefs.h */
#define PACKAGE_NAME "AtariVM"
#define PACKAGE_TARNAME "atarivm"
#define PACKAGE_VERSION "1.0"
#define PACKAGE_STRING "AtariVM 1.0"
#define PACKAGE_BUGREPORT "jaredbruni@gmail.com"
#define PACKAGE_URL ""
#define PACKAGE "atarivm"
#define VERSION "1.0"
#define STDC_HEADERS 1
#define HAVE_SYS_TYPES_H 1
#define HAVE_SYS_STAT_H 1
#define HAVE_STDLIB_H 1
#define HAVE_STRING_H 1
#define HAVE_MEMORY_H 1
#define HAVE_STRINGS_H 1
#define HAVE_INTTYPES_H 1
#define HAVE_STDINT_H 1
#define HAVE_UNISTD_H 1
#define HAVE_STDLIB_H 1
#define HAVE_STRING_H 1
#define HAVE_STDLIB_H 1
#define HAVE_MALLOC 1
#define HAVE_MEMSET 1
#define HAVE_STRDUP 1
#define HAVE_LIBSDL 1
#define HAVE_FCNTL_H 1
#define HAVE_INTTYPES_H 1
#define HAVE_LIMITS_H 1
#define HAVE_STDDEF_H 1
#define HAVE_STDINT_H 1
#define HAVE_STRING_H 1
#define HAVE_STRINGS_H 1
#define HAVE_SYS_TIME_H 1
#define HAVE_UNISTD_H 1
#define HAVE__BOOL 1
#define HAVE_PTRDIFF_T 1
#define HAVE_STDLIB_H 1
#define HAVE_MALLOC 1
#define HAVE_MEMSET 1

configure: exit 0

## ---------------------- ##
## Running config.status. ##
## ---------------------- ##

This file was extended by AtariVM config.status 1.0, which was
generated by GNU Autoconf 2.69.  Invocation command line was

  CONFIG_FILES    = 
  CONFIG_HEADERS  = 
  CONFIG_LINKS    = 
  CONFIG_COMMANDS = 
  $ ./config.status config.h

on LostSideDead

config.status:878: creating config.h
config.status:1059: config.h is unchanged
